Analizador Lexico
Autor:  ̶R̶a̶f̶a̶e̶l̶ ̶M̶e̶j̶í̶a̶  Mauricio Hernández Aguilar
using = Identificador
System = Identificador
; = FinSentencia
using = Identificador
System = Identificador
. = Caracter
Collections = Identificador
. = Caracter
Generic = Identificador
; = FinSentencia
using = Identificador
System = Identificador
. = Caracter
Linq = Identificador
; = FinSentencia
using = Identificador
System = Identificador
. = Caracter
Threading = Identificador
. = Caracter
Tasks = Identificador
; = FinSentencia
static = Identificador
void = Identificador
Main = Identificador
( = Caracter
string = Identificador
[ = Caracter
] = Caracter
args = Identificador
) = Caracter
{ = Inicio
char = TipoDato
a = Identificador
, = Caracter
a = Identificador
, = Caracter
a = Identificador
, = Caracter
a = Identificador
, = Caracter
a = Identificador
, = Caracter
a = Identificador
; = FinSentencia
float = TipoDato
pi = Identificador
; = FinSentencia
int = TipoDato
rex = Identificador
; = FinSentencia
Console = Identificador
. = Caracter
Write = Identificador
( = Caracter
"Proyecto 6" = Cadena
) = Caracter
; = FinSentencia
Console = Identificador
Error: Sintaxis: se espera un ;(Console)
